# JRE version: Java(TM) SE Runtime Environment (7.0_79-b15) (build 1.7.0_79-b15)
# Java VM: Java HotSpot(TM) 64-Bit Server VM (24.79-b02 mixed mode linux-amd64 compressed oops)
Heap
 PSYoungGen      total 150016K, used 29950K [0x00000000f5500000, 0x0000000100000000, 0x0000000100000000)
  eden space 129024K, 11% used [0x00000000f5500000,0x00000000f632d4b0,0x00000000fd300000)
  from space 20992K, 73% used [0x00000000fe780000,0x00000000ff692448,0x00000000ffc00000)
  to   space 20992K, 0% used [0x00000000fd300000,0x00000000fd300000,0x00000000fe780000)
 ParOldGen       total 340992K, used 80K [0x00000000e0000000, 0x00000000f4d00000, 0x00000000f5500000)
  object space 340992K, 0% used [0x00000000e0000000,0x00000000e0014010,0x00000000f4d00000)
 PSPermGen       total 34304K, used 34230K [0x00000000dae00000, 0x00000000dcf80000, 0x00000000e0000000)
  object space 34304K, 99% used [0x00000000dae00000,0x00000000dcf6d850,0x00000000dcf80000)
GC Heap History (4 events):
Event: 6,987 GC heap before
{Heap before GC invocations=1 (full 0):
 PSYoungGen      total 150016K, used 129024K [0x00000000f5500000, 0x00000000ffc00000, 0x0000000100000000)
  eden space 129024K, 100% used [0x00000000f5500000,0x00000000fd300000,0x00000000fd300000)
  from space 20992K, 0% used [0x00000000fe780000,0x00000000fe780000,0x00000000ffc00000)
  to   space 20992K, 0% used [0x00000000fd300000,0x00000000fd300000,0x00000000fe780000)
 ParOldGen       total 340992K, used 0K [0x00000000e0000000, 0x00000000f4d00000, 0x00000000f5500000)
  object space 340992K, 0% used [0x00000000e0000000,0x00000000e0000000,0x00000000f4d00000)
 PSPermGen       total 25088K, used 24867K [0x00000000dae00000, 0x00000000dc680000, 0x00000000e0000000)
  object space 25088K, 99% used [0x00000000dae00000,0x00000000dc648c68,0x00000000dc680000)
Event: 7,018 GC heap after
Heap after GC invocations=1 (full 0):
 PSYoungGen      total 150016K, used 12058K [0x00000000f5500000, 0x00000000ffc00000, 0x0000000100000000)
  eden space 129024K, 0% used [0x00000000f5500000,0x00000000f5500000,0x00000000fd300000)
  from space 20992K, 57% used [0x00000000fd300000,0x00000000fdec6890,0x00000000fe780000)
  to   space 20992K, 0% used [0x00000000fe780000,0x00000000fe780000,0x00000000ffc00000)
 ParOldGen       total 340992K, used 72K [0x00000000e0000000, 0x00000000f4d00000, 0x00000000f5500000)
  object space 340992K, 0% used [0x00000000e0000000,0x00000000e0012010,0x00000000f4d00000)
 PSPermGen       total 25088K, used 24867K [0x00000000dae00000, 0x00000000dc680000, 0x00000000e0000000)
  object space 25088K, 99% used [0x00000000dae00000,0x00000000dc648c68,0x00000000dc680000)
}
Event: 8,906 GC heap before
{Heap before GC invocations=2 (full 0):
 PSYoungGen      total 150016K, used 141082K [0x00000000f5500000, 0x00000000ffc00000, 0x0000000100000000)
  eden space 129024K, 100% used [0x00000000f5500000,0x00000000fd300000,0x00000000fd300000)
  from space 20992K, 57% used [0x00000000fd300000,0x00000000fdec6890,0x00000000fe780000)
  to   space 20992K, 0% used [0x00000000fe780000,0x00000000fe780000,0x00000000ffc00000)
 ParOldGen       total 340992K, used 72K [0x00000000e0000000, 0x00000000f4d00000, 0x00000000f5500000)
  object space 340992K, 0% used [0x00000000e0000000,0x00000000e0012010,0x00000000f4d00000)
 PSPermGen       total 33792K, used 33575K [0x00000000dae00000, 0x00000000dcf00000, 0x00000000e0000000)
  object space 33792K, 99% used [0x00000000dae00000,0x00000000dcec9e38,0x00000000dcf00000)
Event: 8,949 GC heap after
Heap after GC invocations=2 (full 0):
 PSYoungGen      total 150016K, used 15433K [0x00000000f5500000, 0x0000000100000000, 0x0000000100000000)
  eden space 129024K, 0% used [0x00000000f5500000,0x00000000f5500000,0x00000000fd300000)
  from space 20992K, 73% used [0x00000000fe780000,0x00000000ff692448,0x00000000ffc00000)
  to   space 20992K, 0% used [0x00000000fd300000,0x00000000fd300000,0x00000000fe780000)
 ParOldGen       total 340992K, used 80K [0x00000000e0000000, 0x00000000f4d00000, 0x00000000f5500000)
  object space 340992K, 0% used [0x00000000e0000000,0x00000000e0014010,0x00000000f4d00000)
 PSPermGen       total 33792K, used 33575K [0x00000000dae00000, 0x00000000dcf00000, 0x00000000e0000000)
  object space 33792K, 99% used [0x00000000dae00000,0x00000000dcec9e38,0x00000000dcf00000)
}

